This is pdfTeX, Version 3.1415926-1.40.10 (TeX Live 2009/Debian) (format=latex 2012.9.5)  28 FEB 2013 13:07
entering extended mode
 %&-line parsing enabled.
**thesis_main.tex
(./thesis_main.tex
LaTeX2e <2009/09/24>
Babel <v3.8l> and hyphenation patterns for english, usenglishmax, dumylang, noh
yphenation, farsi, arabic, croatian, bulgarian, ukrainian, russian, czech, slov
ak, danish, dutch, finnish, french, basque, ngerman, german, german-x-2009-06-1
9, ngerman-x-2009-06-19, ibycus, monogreek, greek, ancientgreek, hungarian, san
skrit, italian, latin, latvian, lithuanian, mongolian2a, mongolian, bokmal, nyn
orsk, romanian, irish, coptic, serbian, turkish, welsh, esperanto, uppersorbian
, estonian, indonesian, interlingua, icelandic, kurmanji, slovenian, polish, po
rtuguese, spanish, galician, catalan, swedish, ukenglish, pinyin, loaded.
(./osuthesis.cls
Document Class: osuthesis 1999/04/23 v1.0 Oklahoma State University Thesis/Diss
ertation document class
(/usr/share/texmf-texlive/tex/latex/base/size12.clo
File: size12.clo 2007/10/19 v1.4h Standard LaTeX file (size option)
)
\c@placeholder=\count79
\titlewidth=\skip41
\widertitlewidth=\skip42
\mylengtha=\skip43
\mylengthb=\skip44
\c@part=\count80
\c@chapter=\count81
\c@section=\count82
\c@subsection=\count83
\c@subsubsection=\count84
\c@paragraph=\count85
\c@subparagraph=\count86
\c@figure=\count87
\c@table=\count88
\abovecaptionskip=\skip45
\belowcaptionskip=\skip46
\bibindent=\dimen102
\c@theorem=\count89
\c@lemma=\count90
\c@corollary=\count91
\c@problem=\count92
\c@definition=\count93
\c@assumption=\count94
\c@example=\count95
\c@remark=\count96
)
(/usr/share/texmf-texlive/tex/latex/graphics/graphicx.sty
Package: graphicx 1999/02/16 v1.0f Enhanced LaTeX Graphics (DPC,SPQR)

(/usr/share/texmf-texlive/tex/latex/graphics/keyval.sty
Package: keyval 1999/03/16 v1.13 key=value parser (DPC)
\KV@toks@=\toks14
)
(/usr/share/texmf-texlive/tex/latex/graphics/graphics.sty
Package: graphics 2009/02/05 v1.0o Standard LaTeX Graphics (DPC,SPQR)

(/usr/share/texmf-texlive/tex/latex/graphics/trig.sty
Package: trig 1999/03/16 v1.09 sin cos tan (DPC)
)
(/etc/texmf/tex/latex/config/graphics.cfg
File: graphics.cfg 2009/08/28 v1.8 graphics configuration of TeX Live
)
Package graphics Info: Driver file: dvips.def on input line 91.

(/usr/share/texmf-texlive/tex/latex/graphics/dvips.def
File: dvips.def 1999/02/16 v3.0i Driver-dependant file (DPC,SPQR)
))
\Gin@req@height=\dimen103
\Gin@req@width=\dimen104
) (./thesis_main.aux)
\openout1 = `thesis_main.aux'.

LaTeX Font Info:    Checking defaults for OML/cmm/m/it on input line 38.
LaTeX Font Info:    ... okay on input line 38.
LaTeX Font Info:    Checking defaults for T1/cmr/m/n on input line 38.
LaTeX Font Info:    ... okay on input line 38.
LaTeX Font Info:    Checking defaults for OT1/cmr/m/n on input line 38.
LaTeX Font Info:    ... okay on input line 38.
LaTeX Font Info:    Checking defaults for OMS/cmsy/m/n on input line 38.
LaTeX Font Info:    ... okay on input line 38.
LaTeX Font Info:    Checking defaults for OMX/cmex/m/n on input line 38.
LaTeX Font Info:    ... okay on input line 38.
LaTeX Font Info:    Checking defaults for U/cmr/m/n on input line 38.
LaTeX Font Info:    ... okay on input line 38.
LaTeX Font Info:    External font `cmex10' loaded for size
(Font)              <12> on input line 39.
LaTeX Font Info:    External font `cmex10' loaded for size
(Font)              <8> on input line 39.
LaTeX Font Info:    External font `cmex10' loaded for size
(Font)              <6> on input line 39.

[1

]
LaTeX Font Info:    Try loading font information for OMS+cmr on input line 40.
 (/usr/share/texmf-texlive/tex/latex/base/omscmr.fd
File: omscmr.fd 1999/05/25 v2.5h Standard LaTeX font definitions
)
LaTeX Font Info:    Font shape `OMS/cmr/m/n' in size <12> not available
(Font)              Font shape `OMS/cmsy/m/n' tried instead on input line 40.
 [2]
Missing character: There is no Õ in font cmr12!
 [3]
(./acknowledge.tex) [4] (./thesis_main.toc)
\tf@toc=\write3
\openout3 = `thesis_main.toc'.

 [5] (./thesis_main.lot)
\tf@lot=\write4
\openout4 = `thesis_main.lot'.

 [6]
(./thesis_main.lof)
\tf@lof=\write5
\openout5 = `thesis_main.lof'.

 [7] (./intro.tex
CHAPTER 1.
File: osu.eps Graphic file (type eps)
<osu.eps>) (./chapter2.tex [1

]
CHAPTER 2.
) (./chapter3.tex [2

]
CHAPTER 3.
) (./conclusions.tex [3

]
CHAPTER 4.

LaTeX Warning: Citation `lamport:94' on page 4 undefined on input line 2.

)
No file thesis_main.bbl.
(./appendix.tex [4

]
APPENDIX A.
[5

]
APPENDIX B.
) (./vita.tex [6

]) [6] (./abstract.tex) [6] (./thesis_main.aux)

LaTeX Warning: There were undefined references.

 ) 
Here is how much of TeX's memory you used:
 700 strings out of 493849
 8032 string characters out of 1152847
 58289 words of memory out of 3000000
 3998 multiletter control sequences out of 15000+50000
 7280 words of font info for 26 fonts, out of 3000000 for 9000
 714 hyphenation exceptions out of 8191
 25i,9n,19p,213b,266s stack positions out of 5000i,500n,10000p,200000b,50000s

Output written on thesis_main.dvi (15 pages, 9056 bytes).
